[LOG] System::create                           : Header version = 2.01.08. Current version = 2.01.08.
[LOG] Manager::init                            : maxchannels = 256 studioflags = 00000006 flags 00000000 extradriverdata 0000000000000000.
[LOG] SystemI::init                            : Initialize version=20108 (114339), maxchannels=256, flags=0x00020000
[LOG] SystemI::setOutputInternal               : Setting output to 'FMOD WASAPI Output'
[LOG] OutputWASAPI::init                       : Mix Format (WAVEFORMATEX): wFormatTag=0xFFFE, nChannels=2, nSamplesPerSec=44100, nAvgBytesPerSec=352800, nBlockAlign=8, wBitsPerSample=32, cbSize=22.
[LOG] OutputWASAPI::init                       : Mix Format (WAVEFORMATEXTENSIBLE): wValidBitsPerSample=32, dwChannelMask=0x00000003, SubFormat=00000003-0000-0010-8000-00AA00389B71.
[LOG] OutputWASAPI::init                       : Output buffer size: 3760 samples, latency: 0.00ms, period: 10.00ms, DSP buffer: 1024 * 4
[LOG] SystemI::init                            : Output requires a sample rate of 44100Hz, resampling will occur.
[LOG] Thread::initThread                       : Init FMOD stream thread. Affinity: 0x8000000000000003, Priority: 0xFFFF7FFB, Stack Size: 98304, Semaphore: No, Sleep Time: 10, Looping: Yes.
[LOG] Thread::initThread                       : Init FMOD mixer thread. Affinity: 0x8000000000000001, Priority: 0xFFFF7FFA, Stack Size: 81920, Semaphore: No, Sleep Time: 0, Looping: Yes.
[LOG] AsyncManager::init                       : manager 0000020CBB847DF8 isAsync 0 updatePeriod 0.02
[LOG] AsyncManager::init                       : done
[LOG] PlaybackSystem::init                     : 
[LOG] Thread::initThread                       : Init FMOD Studio sample load thread. Affinity: 0x8000000000000003, Priority: 0xFFFF7FFD, Stack Size: 98304, Semaphore: No, Sleep Time: 1, Looping: No.
[LOG] PlaybackSystem::init                     : done
[LOG] Thread::initThread                       : Init FMOD Studio bank load thread. Affinity: 0x8000000000000003, Priority: 0xFFFF7FFD, Stack Size: 98304, Semaphore: No, Sleep Time: 1, Looping: No.
[LOG] Manager::init                            : done.
[LOG] Manager::readBank                        : fileversion = 135, compatVersion = 132 (oldest = 44, newest = 135)
[LOG] Manager::readBank                        : fileversion = 135, compatVersion = 132 (oldest = 44, newest = 135)
[LOG] Manager::readBank                        : fileversion = 135, compatVersion = 132 (oldest = 44, newest = 135)
[LOG] Manager::readBank                        : fileversion = 135, compatVersion = 132 (oldest = 44, newest = 135)
[LOG] SystemI::createSound                     : filename = ..\kart fmod\FMOD STUFF\kartGame\Build\Desktop/Music.bank : mode 02010082
[LOG] SystemI::createSound                     : FMOD_NONBLOCKING specified.  Putting into queue to be opened asynchronously!
[LOG] SystemI::createSound                     : setdata soundi = 0000020CBB836418 : node = 0000020A43019090
[LOG] SystemI::createSound                     : add node to async list : head = 0000020C6CF4E2C8.  list count = 0
[LOG] AsyncThread::threadFunc                  : Starting Asynchronous operation on sound 0000020CBB836418
[LOG] SystemI::createSoundInternal             :     Create name='..\kart fmod\FMOD STUFF\kartGame\Build\Desktop/Music.bank', mode=0x02010082
[LOG] SystemI::createSoundInternal             :     exinfo->cbsize             = 224
[LOG] SystemI::createSoundInternal             :     exinfo->length             = 15900096
[LOG] SystemI::createSoundInternal             :     exinfo->fileoffset         = 31360
[LOG] SystemI::createSoundInternal             :     exinfo->numsubsounds       = 1
[LOG] SystemI::createSoundInternal             :     exinfo->inclusionlist      = 0000020A430191A0
[LOG] SystemI::createSoundInternal             :     exinfo->inclusionlistnum   = 1
[LOG] SystemI::createSoundInternal             :     exinfo->suggestedsoundtype = 5
[LOG] SystemI::createSoundInternal             :     exinfo->initialseekposition = 8372
[LOG] SystemI::createSoundInternal             :     exinfo->initialseekpostype = 1
[LOG] SystemI::createSoundInternal             :     Stream 0/1: name='09_09_18 (in your head)', format=5, channels=2, frequency=48000, lengthbytes=2264512, lengthpcm=7903256, pcmblocksize=0, loopstart=0, loopend=0, mode=0x00000000, channelmask=0x00000000, channelorder=0, peakvolume=0.933319.
[LOG] AsyncThread::threadFunc                  : Finished Asynchronous operation on sound 0000020CBB836418
[LOG] SoundI::release                          : 09_09_18 (in your head) (0000020CBB836928)
[LOG] SoundI::release                          :     09_09_18 (in your head) (0000020A44503128)
[LOG] SoundI::release                          :     09_09_18 (in your head) (0000020CBB838E48)
[LOG] SystemI::createSound                     : filename = ..\kart fmod\FMOD STUFF\kartGame\Build\Desktop/Music.bank : mode 02010082
[LOG] SystemI::createSound                     : FMOD_NONBLOCKING specified.  Putting into queue to be opened asynchronously!
[LOG] SystemI::createSound                     : setdata soundi = 0000020CBB835188 : node = 0000020A430191D0
[LOG] SystemI::createSound                     : add node to async list : head = 0000020C6CF4E2C8.  list count = 0
[LOG] AsyncThread::threadFunc                  : Starting Asynchronous operation on sound 0000020CBB835188
[LOG] SystemI::createSoundInternal             :     Create name='..\kart fmod\FMOD STUFF\kartGame\Build\Desktop/Music.bank', mode=0x02010082
[LOG] SystemI::createSoundInternal             :     exinfo->cbsize             = 224
[LOG] SystemI::createSoundInternal             :     exinfo->length             = 15900096
[LOG] SystemI::createSoundInternal             :     exinfo->fileoffset         = 31360
[LOG] SystemI::createSoundInternal             :     exinfo->numsubsounds       = 1
[LOG] SystemI::createSoundInternal             :     exinfo->inclusionlist      = 0000020A430192E0
[LOG] SystemI::createSoundInternal             :     exinfo->inclusionlistnum   = 1
[LOG] SystemI::createSoundInternal             :     exinfo->suggestedsoundtype = 5
[LOG] SystemI::createSoundInternal             :     exinfo->initialseekposition = 8372
[LOG] SystemI::createSoundInternal             :     exinfo->initialseekpostype = 1
[LOG] SystemI::createSoundInternal             :     Stream 0/1: name='09_09_18 (in your head)', format=5, channels=2, frequency=48000, lengthbytes=2264512, lengthpcm=7903256, pcmblocksize=0, loopstart=0, loopend=0, mode=0x00000000, channelmask=0x00000000, channelorder=0, peakvolume=0.933319.
[LOG] AsyncThread::threadFunc                  : Finished Asynchronous operation on sound 0000020CBB835188
[LOG] SoundI::release                          : 09_09_18 (in your head) (0000020CBB836418)
[LOG] SoundI::release                          :     09_09_18 (in your head) (0000020BF9965C28)
[LOG] SoundI::release                          :     09_09_18 (in your head) (0000020CBB836AD8)
[LOG] SystemI::createSound                     : filename = ..\kart fmod\FMOD STUFF\kartGame\Build\Desktop/Music.bank : mode 02010082
[LOG] SystemI::createSound                     : FMOD_NONBLOCKING specified.  Putting into queue to be opened asynchronously!
[LOG] SystemI::createSound                     : setdata soundi = 0000020CBB838E48 : node = 0000020A4301BED0
[LOG] SystemI::createSound                     : add node to async list : head = 0000020C6CF4E2C8.  list count = 0
[LOG] AsyncThread::threadFunc                  : Starting Asynchronous operation on sound 0000020CBB838E48
[LOG] SystemI::createSoundInternal             :     Create name='..\kart fmod\FMOD STUFF\kartGame\Build\Desktop/Music.bank', mode=0x02010082
[LOG] SystemI::createSoundInternal             :     exinfo->cbsize             = 224
[LOG] SystemI::createSoundInternal             :     exinfo->length             = 15900096
[LOG] SystemI::createSoundInternal             :     exinfo->fileoffset         = 31360
[LOG] SystemI::createSoundInternal             :     exinfo->numsubsounds       = 1
[LOG] SystemI::createSoundInternal             :     exinfo->inclusionlist      = 0000020A4301BFE0
[LOG] SystemI::createSoundInternal             :     exinfo->inclusionlistnum   = 1
[LOG] SystemI::createSoundInternal             :     exinfo->suggestedsoundtype = 5
[LOG] SystemI::createSoundInternal             :     exinfo->initialseekposition = 11162
[LOG] SystemI::createSoundInternal             :     exinfo->initialseekpostype = 1
[LOG] SystemI::createSoundInternal             :     Stream 0/1: name='09_09_18 (in your head)', format=5, channels=2, frequency=48000, lengthbytes=2264512, lengthpcm=7903256, pcmblocksize=0, loopstart=0, loopend=0, mode=0x00000000, channelmask=0x00000000, channelorder=0, peakvolume=0.933319.
[LOG] AsyncThread::threadFunc                  : Finished Asynchronous operation on sound 0000020CBB838E48
[LOG] SoundI::release                          : 09_09_18 (in your head) (0000020CBB835188)
[LOG] SoundI::release                          :     09_09_18 (in your head) (0000020BF9965DC8)
[LOG] SoundI::release                          :     09_09_18 (in your head) (0000020CBB838AE8)
[LOG] SystemI::createSound                     : filename = ..\kart fmod\FMOD STUFF\kartGame\Build\Desktop/Music.bank : mode 02010082
[LOG] SystemI::createSound                     : FMOD_NONBLOCKING specified.  Putting into queue to be opened asynchronously!
[LOG] SystemI::createSound                     : setdata soundi = 0000020CBB838AE8 : node = 0000020A43019D10
[LOG] SystemI::createSound                     : add node to async list : head = 0000020C6CF4E2C8.  list count = 0
[LOG] AsyncThread::threadFunc                  : Starting Asynchronous operation on sound 0000020CBB838AE8
[LOG] SystemI::createSoundInternal             :     Create name='..\kart fmod\FMOD STUFF\kartGame\Build\Desktop/Music.bank', mode=0x02010082
[LOG] SystemI::createSoundInternal             :     exinfo->cbsize             = 224
[LOG] SystemI::createSoundInternal             :     exinfo->length             = 15900096
[LOG] SystemI::createSoundInternal             :     exinfo->fileoffset         = 31360
[LOG] SystemI::createSoundInternal             :     exinfo->numsubsounds       = 1
[LOG] SystemI::createSoundInternal             :     exinfo->inclusionlist      = 0000020A43019E20
[LOG] SystemI::createSoundInternal             :     exinfo->inclusionlistnum   = 1
[LOG] SystemI::createSoundInternal             :     exinfo->suggestedsoundtype = 5
[LOG] SystemI::createSoundInternal             :     exinfo->initialseekposition = 11162
[LOG] SystemI::createSoundInternal             :     exinfo->initialseekpostype = 1
[LOG] SystemI::createSoundInternal             :     Stream 0/1: name='09_09_18 (in your head)', format=5, channels=2, frequency=48000, lengthbytes=2264512, lengthpcm=7903256, pcmblocksize=0, loopstart=0, loopend=0, mode=0x00000000, channelmask=0x00000000, channelorder=0, peakvolume=0.933319.
[LOG] AsyncThread::threadFunc                  : Finished Asynchronous operation on sound 0000020CBB838AE8
[LOG] SoundI::release                          : 09_09_18 (in your head) (0000020CBB838E48)
[LOG] SoundI::release                          :     09_09_18 (in your head) (0000020BF9965C28)
[LOG] SoundI::release                          :     09_09_18 (in your head) (0000020CBB8354E8)
[LOG] SystemI::createSound                     : filename = ..\kart fmod\FMOD STUFF\kartGame\Build\Desktop/Music.bank : mode 02010082
[LOG] SystemI::createSound                     : FMOD_NONBLOCKING specified.  Putting into queue to be opened asynchronously!
[LOG] SystemI::createSound                     : setdata soundi = 0000020CBB8354E8 : node = 0000020A42BDFA10
[LOG] SystemI::createSound                     : add node to async list : head = 0000020C6CF4E2C8.  list count = 0
[LOG] AsyncThread::threadFunc                  : Starting Asynchronous operation on sound 0000020CBB8354E8
[LOG] SystemI::createSoundInternal             :     Create name='..\kart fmod\FMOD STUFF\kartGame\Build\Desktop/Music.bank', mode=0x02010082
[LOG] SystemI::createSoundInternal             :     exinfo->cbsize             = 224
[LOG] SystemI::createSoundInternal             :     exinfo->length             = 15900096
[LOG] SystemI::createSoundInternal             :     exinfo->fileoffset         = 31360
[LOG] SystemI::createSoundInternal             :     exinfo->numsubsounds       = 1
[LOG] SystemI::createSoundInternal             :     exinfo->inclusionlist      = 0000020A42BDFB20
[LOG] SystemI::createSoundInternal             :     exinfo->inclusionlistnum   = 1
[LOG] SystemI::createSoundInternal             :     exinfo->suggestedsoundtype = 5
[LOG] SystemI::createSoundInternal             :     exinfo->initialseekposition = 11162
[LOG] SystemI::createSoundInternal             :     exinfo->initialseekpostype = 1
[LOG] SystemI::createSoundInternal             :     Stream 0/1: name='09_09_18 (in your head)', format=5, channels=2, frequency=48000, lengthbytes=2264512, lengthpcm=7903256, pcmblocksize=0, loopstart=0, loopend=0, mode=0x00000000, channelmask=0x00000000, channelorder=0, peakvolume=0.933319.
[LOG] AsyncThread::threadFunc                  : Finished Asynchronous operation on sound 0000020CBB8354E8
[LOG] SoundI::release                          : 09_09_18 (in your head) (0000020CBB838AE8)
[LOG] SoundI::release                          :     09_09_18 (in your head) (0000020BF9965F68)
[LOG] SoundI::release                          :     09_09_18 (in your head) (0000020CBB835188)
[LOG] SystemI::createSound                     : filename = ..\kart fmod\FMOD STUFF\kartGame\Build\Desktop/Music.bank : mode 02010082
[LOG] SystemI::createSound                     : FMOD_NONBLOCKING specified.  Putting into queue to be opened asynchronously!
[LOG] SystemI::createSound                     : setdata soundi = 0000020CBB8359F8 : node = 0000020A42BDFB50
[LOG] SystemI::createSound                     : add node to async list : head = 0000020C6CF4E2C8.  list count = 0
[LOG] AsyncThread::threadFunc                  : Starting Asynchronous operation on sound 0000020CBB8359F8
[LOG] SystemI::createSoundInternal             :     Create name='..\kart fmod\FMOD STUFF\kartGame\Build\Desktop/Music.bank', mode=0x02010082
[LOG] SystemI::createSoundInternal             :     exinfo->cbsize             = 224
[LOG] SystemI::createSoundInternal             :     exinfo->length             = 15900096
[LOG] SystemI::createSoundInternal             :     exinfo->fileoffset         = 31360
[LOG] SystemI::createSoundInternal             :     exinfo->numsubsounds       = 1
[LOG] SystemI::createSoundInternal             :     exinfo->inclusionlist      = 0000020A42BDFC60
[LOG] SystemI::createSoundInternal             :     exinfo->inclusionlistnum   = 1
[LOG] SystemI::createSoundInternal             :     exinfo->suggestedsoundtype = 5
[LOG] SystemI::createSoundInternal             :     exinfo->initialseekposition = 11162
[LOG] SystemI::createSoundInternal             :     exinfo->initialseekpostype = 1
[LOG] SystemI::createSoundInternal             :     Stream 0/1: name='09_09_18 (in your head)', format=5, channels=2, frequency=48000, lengthbytes=2264512, lengthpcm=7903256, pcmblocksize=0, loopstart=0, loopend=0, mode=0x00000000, channelmask=0x00000000, channelorder=0, peakvolume=0.933319.
[LOG] AsyncThread::threadFunc                  : Finished Asynchronous operation on sound 0000020CBB8359F8
[LOG] SoundI::release                          : 09_09_18 (in your head) (0000020CBB8354E8)
[LOG] SoundI::release                          :     09_09_18 (in your head) (0000020BF9965C28)
[LOG] SoundI::release                          :     09_09_18 (in your head) (0000020CBB835848)
[LOG] SoundI::release                          : 09_09_18 (in your head) (0000020CBB8359F8)
[LOG] SoundI::release                          :     09_09_18 (in your head) (0000020BF9965F68)
[LOG] SoundI::release                          :     09_09_18 (in your head) (0000020CBB838E48)
[LOG] Thread::callback                         : FMOD Studio update thread finished.
[LOG] Thread::callback                         : FMOD Studio bank load thread finished.
[LOG] ProfileClient::markForDead               : Closing client connection
[LOG] Profile::disconnectAll                   : Profiler disconnecting all clients
[LOG] FMOD_OS_Net_Read                         : Interrupted.[LOG] ProfileClient::recvThreadLoopFunction    : Socket disconnected
[LOG] Thread::callback                         : FMOD profiler thread (send) finished.
[LOG] Thread::callback                         : FMOD profiler thread (recv) finished.
[LOG] Thread::callback                         : FMOD Studio sample load thread finished.
[LOG] LiveUpdate::release                      : 
[LOG] LiveUpdate::reset                        : Reset connection (reason Disconnected)
[LOG] Thread::callback                         : FMOD stream thread finished.
[LOG] Thread::callback                         : FMOD mixer thread finished.
[LOG] Profile::disconnectAll                   : Profiler disconnecting all clients
[LOG] SystemI::close                           : Closed.
